Building DAG of jobs...
Using shell: /usr/bin/bash
Provided cores: 2
Rules claiming more threads will be scaled down.
Job stats:
job                       count    min threads    max threads
----------------------  -------  -------------  -------------
all                           1              1              1
convert_faster_to_root        4              1              1
total                         5              1              1

Select jobs to execute...

[Thu Oct 23 23:11:26 2025]
rule convert_faster_to_root:
    input: data/faster/Test_GADGET_GorG2orG4orG24_0001.fast
    output: data/root/Test_GADGET_GorG2orG4orG24_0001.root
    jobid: 7
    wildcards: faster_name=Test_GADGET_GorG2orG4orG24_0001
    resources: tmpdir=/tmp


[Thu Oct 23 23:11:26 2025]
rule convert_faster_to_root:
    input: data/faster/Test_GADGET_GorG2orG4orG24_V2_0001.fast
    output: data/root/Test_GADGET_GorG2orG4orG24_V2_0001.root
    jobid: 1
    wildcards: faster_name=Test_GADGET_GorG2orG4orG24_V2_0001
    resources: tmpdir=/tmp

[Thu Oct 23 23:11:28 2025]
Finished job 7.
1 of 5 steps (20%) done
Select jobs to execute...

[Thu Oct 23 23:11:28 2025]
rule convert_faster_to_root:
    input: data/faster/Test_GADGET_1bar_GorG2orG4orG24_0001.fast
    output: data/root/Test_GADGET_1bar_GorG2orG4orG24_0001.root
    jobid: 4
    wildcards: faster_name=Test_GADGET_1bar_GorG2orG4orG24_0001
    resources: tmpdir=/tmp

[Thu Oct 23 23:11:29 2025]
Finished job 1.
2 of 5 steps (40%) done
Select jobs to execute...

[Thu Oct 23 23:11:29 2025]
rule convert_faster_to_root:
    input: data/faster/Test_GADGET_1.5bar_GorG2orG4orG24_0001.fast
    output: data/root/Test_GADGET_1.5bar_GorG2orG4orG24_0001.root
    jobid: 2
    wildcards: faster_name=Test_GADGET_1.5bar_GorG2orG4orG24_0001
    resources: tmpdir=/tmp

[Thu Oct 23 23:11:30 2025]
Finished job 4.
3 of 5 steps (60%) done
[Thu Oct 23 23:11:30 2025]
Finished job 2.
4 of 5 steps (80%) done
Select jobs to execute...

[Thu Oct 23 23:11:30 2025]
localrule all:
    input: data/root/Test_GADGET_GorG2orG4orG24_V2_0001.root, data/root/Test_GADGET_1.5bar_GorG2orG4orG24_0001.root, data/root/New_plastics_2500V_atleast_GADGET_withblackcover_1000mbar_0001.root, data/root/Test_GADGET_1bar_GorG2orG4orG24_0001.root, data/root/New_plastics_2000V_atleastGAD_Empty_0001.root, data/root/New_plastics_atleastGAD_Empty_V2_0001.root, data/root/Test_GADGET_GorG2orG4orG24_0001.root, data/root/New_plastics_2500V_atleast_GADGET_withblackcover_ascension_0001.root, data/root/New_plastics_2000V_atleast_GADGET_withblackcover_500mbar_0001.root
    jobid: 0
    resources: tmpdir=/tmp

[Thu Oct 23 23:11:30 2025]
Finished job 0.
5 of 5 steps (100%) done
Complete log: /home/vezon/bruit_de_fond/.snakemake/log/2025-10-23T231126.129474.snakemake.log
