Building DAG of jobs...
Using shell: /usr/bin/bash
Provided cores: 4
Rules claiming more threads will be scaled down.
Job stats:
job                         count    min threads    max threads
------------------------  -------  -------------  -------------
all                             1              1              1
convert_with_faster2root        9              1              1
total                          10              1              1

Select jobs to execute...

[Mon Oct 27 18:16:29 2025]
rule convert_with_faster2root:
    input: data/faster/New_plastics_2500V_atleast_GADGET_withblackcover_ascension_0001.fast
    output: data/root_faster2root/New_plastics_2500V_atleast_GADGET_withblackcover_ascension_0001.root
    jobid: 17
    wildcards: faster_name=New_plastics_2500V_atleast_GADGET_withblackcover_ascension_0001
    resources: tmpdir=/tmp


[Mon Oct 27 18:16:29 2025]
rule convert_with_faster2root:
    input: data/faster/Test_GADGET_1.5bar_GorG2orG4orG24_0001.fast
    output: data/root_faster2root/Test_GADGET_1.5bar_GorG2orG4orG24_0001.root
    jobid: 11
    wildcards: faster_name=Test_GADGET_1.5bar_GorG2orG4orG24_0001
    resources: tmpdir=/tmp


[Mon Oct 27 18:16:29 2025]
rule convert_with_faster2root:
    input: data/faster/Test_GADGET_1bar_GorG2orG4orG24_0001.fast
    output: data/root_faster2root/Test_GADGET_1bar_GorG2orG4orG24_0001.root
    jobid: 13
    wildcards: faster_name=Test_GADGET_1bar_GorG2orG4orG24_0001
    resources: tmpdir=/tmp


[Mon Oct 27 18:16:29 2025]
rule convert_with_faster2root:
    input: data/faster/New_plastics_atleastGAD_Empty_V2_0001.fast
    output: data/root_faster2root/New_plastics_atleastGAD_Empty_V2_0001.root
    jobid: 15
    wildcards: faster_name=New_plastics_atleastGAD_Empty_V2_0001
    resources: tmpdir=/tmp

[Mon Oct 27 18:16:39 2025]
Finished job 11.
1 of 10 steps (10%) done
Select jobs to execute...

[Mon Oct 27 18:16:39 2025]
rule convert_with_faster2root:
    input: data/faster/Test_GADGET_GorG2orG4orG24_0001.fast
    output: data/root_faster2root/Test_GADGET_GorG2orG4orG24_0001.root
    jobid: 16
    wildcards: faster_name=Test_GADGET_GorG2orG4orG24_0001
    resources: tmpdir=/tmp

[Mon Oct 27 18:16:39 2025]
Finished job 13.
2 of 10 steps (20%) done
Select jobs to execute...

[Mon Oct 27 18:16:39 2025]
rule convert_with_faster2root:
    input: data/faster/New_plastics_2000V_atleastGAD_Empty_0001.fast
    output: data/root_faster2root/New_plastics_2000V_atleastGAD_Empty_0001.root
    jobid: 14
    wildcards: faster_name=New_plastics_2000V_atleastGAD_Empty_0001
    resources: tmpdir=/tmp

[Mon Oct 27 18:16:44 2025]
Finished job 16.
3 of 10 steps (30%) done
Select jobs to execute...

[Mon Oct 27 18:16:44 2025]
rule convert_with_faster2root:
    input: data/faster/New_plastics_2500V_atleast_GADGET_withblackcover_1000mbar_0001.fast
    output: data/root_faster2root/New_plastics_2500V_atleast_GADGET_withblackcover_1000mbar_0001.root
    jobid: 12
    wildcards: faster_name=New_plastics_2500V_atleast_GADGET_withblackcover_1000mbar_0001
    resources: tmpdir=/tmp

[Mon Oct 27 18:16:50 2025]
Finished job 15.
4 of 10 steps (40%) done
Select jobs to execute...

[Mon Oct 27 18:16:50 2025]
rule convert_with_faster2root:
    input: data/faster/New_plastics_2000V_atleast_GADGET_withblackcover_500mbar_0001.fast
    output: data/root_faster2root/New_plastics_2000V_atleast_GADGET_withblackcover_500mbar_0001.root
    jobid: 18
    wildcards: faster_name=New_plastics_2000V_atleast_GADGET_withblackcover_500mbar_0001
    resources: tmpdir=/tmp

[Mon Oct 27 18:16:50 2025]
Finished job 12.
5 of 10 steps (50%) done
Select jobs to execute...

[Mon Oct 27 18:16:50 2025]
rule convert_with_faster2root:
    input: data/faster/Test_GADGET_GorG2orG4orG24_V2_0001.fast
    output: data/root_faster2root/Test_GADGET_GorG2orG4orG24_V2_0001.root
    jobid: 10
    wildcards: faster_name=Test_GADGET_GorG2orG4orG24_V2_0001
    resources: tmpdir=/tmp

[Mon Oct 27 18:16:51 2025]
Finished job 17.
6 of 10 steps (60%) done
[Mon Oct 27 18:16:52 2025]
Finished job 14.
7 of 10 steps (70%) done
[Mon Oct 27 18:16:56 2025]
Finished job 10.
8 of 10 steps (80%) done
[Mon Oct 27 18:16:59 2025]
Finished job 18.
9 of 10 steps (90%) done
Select jobs to execute...

[Mon Oct 27 18:16:59 2025]
localrule all:
    input: data/root_group2tree_v3/Test_GADGET_GorG2orG4orG24_V2_0001.root, data/root_group2tree_v3/Test_GADGET_1.5bar_GorG2orG4orG24_0001.root, data/root_group2tree_v3/New_plastics_2500V_atleast_GADGET_withblackcover_1000mbar_0001.root, data/root_group2tree_v3/Test_GADGET_1bar_GorG2orG4orG24_0001.root, data/root_group2tree_v3/New_plastics_2000V_atleastGAD_Empty_0001.root, data/root_group2tree_v3/New_plastics_atleastGAD_Empty_V2_0001.root, data/root_group2tree_v3/Test_GADGET_GorG2orG4orG24_0001.root, data/root_group2tree_v3/New_plastics_2500V_atleast_GADGET_withblackcover_ascension_0001.root, data/root_group2tree_v3/New_plastics_2000V_atleast_GADGET_withblackcover_500mbar_0001.root, data/root_faster2root/Test_GADGET_GorG2orG4orG24_V2_0001.root, data/root_faster2root/Test_GADGET_1.5bar_GorG2orG4orG24_0001.root, data/root_faster2root/New_plastics_2500V_atleast_GADGET_withblackcover_1000mbar_0001.root, data/root_faster2root/Test_GADGET_1bar_GorG2orG4orG24_0001.root, data/root_faster2root/New_plastics_2000V_atleastGAD_Empty_0001.root, data/root_faster2root/New_plastics_atleastGAD_Empty_V2_0001.root, data/root_faster2root/Test_GADGET_GorG2orG4orG24_0001.root, data/root_faster2root/New_plastics_2500V_atleast_GADGET_withblackcover_ascension_0001.root, data/root_faster2root/New_plastics_2000V_atleast_GADGET_withblackcover_500mbar_0001.root
    jobid: 0
    resources: tmpdir=/tmp

[Mon Oct 27 18:16:59 2025]
Finished job 0.
10 of 10 steps (100%) done
Complete log: /home/vezon/bruit_de_fond/.snakemake/log/2025-10-27T181628.950710.snakemake.log
