Building DAG of jobs...
Using shell: /usr/bin/bash
Provided cores: 4
Rules claiming more threads will be scaled down.
Job stats:
job                         count    min threads    max threads
------------------------  -------  -------------  -------------
all                             1              1              1
convert_with_faster2root        1              1              1
convert_with_root2tree          1              1              1
total                           3              1              1

Select jobs to execute...

[Wed Nov 12 14:21:12 2025]
rule convert_with_root2tree:
    input: data/faster/AtleastGAD_woplastics_500mbar_0001.fast
    output: data/root/group2tree_v3/AtleastGAD_woplastics_500mbar_0001.root
    jobid: 3
    wildcards: faster_name=AtleastGAD_woplastics_500mbar_0001
    resources: tmpdir=/tmp


[Wed Nov 12 14:21:12 2025]
rule convert_with_faster2root:
    input: data/faster/AtleastGAD_woplastics_500mbar_0001.fast
    output: data/root/faster2root/AtleastGAD_woplastics_500mbar_0001.root
    jobid: 13
    wildcards: faster_name=AtleastGAD_woplastics_500mbar_0001
    resources: tmpdir=/tmp

[Wed Nov 12 14:21:18 2025]
Finished job 3.
1 of 3 steps (33%) done
[Wed Nov 12 14:21:18 2025]
Finished job 13.
2 of 3 steps (67%) done
Select jobs to execute...

[Wed Nov 12 14:21:18 2025]
localrule all:
    input: data/root/group2tree_v3/Test_GADGET_GorG2orG4orG24_V2_0001.root, data/root/group2tree_v3/Test_GADGET_1.5bar_GorG2orG4orG24_0001.root, data/root/group2tree_v3/AtleastGAD_woplastics_500mbar_0001.root, data/root/group2tree_v3/New_plastics_2500V_atleast_GADGET_withblackcover_1000mbar_0001.root, data/root/group2tree_v3/Test_GADGET_1bar_GorG2orG4orG24_0001.root, data/root/group2tree_v3/New_plastics_2000V_atleastGAD_Empty_0001.root, data/root/group2tree_v3/New_plastics_atleastGAD_Empty_V2_0001.root, data/root/group2tree_v3/Test_GADGET_GorG2orG4orG24_0001.root, data/root/group2tree_v3/New_plastics_2500V_atleast_GADGET_withblackcover_ascension_0001.root, data/root/group2tree_v3/New_plastics_2000V_atleast_GADGET_withblackcover_500mbar_0001.root, data/root/faster2root/Test_GADGET_GorG2orG4orG24_V2_0001.root, data/root/faster2root/Test_GADGET_1.5bar_GorG2orG4orG24_0001.root, data/root/faster2root/AtleastGAD_woplastics_500mbar_0001.root, data/root/faster2root/New_plastics_2500V_atleast_GADGET_withblackcover_1000mbar_0001.root, data/root/faster2root/Test_GADGET_1bar_GorG2orG4orG24_0001.root, data/root/faster2root/New_plastics_2000V_atleastGAD_Empty_0001.root, data/root/faster2root/New_plastics_atleastGAD_Empty_V2_0001.root, data/root/faster2root/Test_GADGET_GorG2orG4orG24_0001.root, data/root/faster2root/New_plastics_2500V_atleast_GADGET_withblackcover_ascension_0001.root, data/root/faster2root/New_plastics_2000V_atleast_GADGET_withblackcover_500mbar_0001.root
    jobid: 0
    resources: tmpdir=/tmp

[Wed Nov 12 14:21:18 2025]
Finished job 0.
3 of 3 steps (100%) done
Complete log: /home/vezon/bruit_de_fond/.snakemake/log/2025-11-12T142109.742273.snakemake.log
