Building DAG of jobs...
Using shell: /usr/bin/bash
Provided cores: 4
Rules claiming more threads will be scaled down.
Job stats:
job                         count    min threads    max threads
------------------------  -------  -------------  -------------
all                             1              1              1
convert_with_faster2root        9              1              1
convert_with_root2tree          9              1              1
total                          19              1              1

Select jobs to execute...

[Sun Nov  2 17:16:35 2025]
rule convert_with_faster2root:
    input: data/faster/New_plastics_2500V_atleast_GADGET_withblackcover_ascension_0001.fast
    output: data/root/faster2root/New_plastics_2500V_atleast_GADGET_withblackcover_ascension_0001.root
    jobid: 17
    wildcards: faster_name=New_plastics_2500V_atleast_GADGET_withblackcover_ascension_0001
    resources: tmpdir=/tmp


[Sun Nov  2 17:16:35 2025]
rule convert_with_root2tree:
    input: data/faster/Test_GADGET_1bar_GorG2orG4orG24_0001.fast
    output: data/root/group2tree_v3/Test_GADGET_1bar_GorG2orG4orG24_0001.root
    jobid: 4
    wildcards: faster_name=Test_GADGET_1bar_GorG2orG4orG24_0001
    resources: tmpdir=/tmp


[Sun Nov  2 17:16:35 2025]
rule convert_with_faster2root:
    input: data/faster/New_plastics_2000V_atleast_GADGET_withblackcover_500mbar_0001.fast
    output: data/root/faster2root/New_plastics_2000V_atleast_GADGET_withblackcover_500mbar_0001.root
    jobid: 18
    wildcards: faster_name=New_plastics_2000V_atleast_GADGET_withblackcover_500mbar_0001
    resources: tmpdir=/tmp


[Sun Nov  2 17:16:35 2025]
rule convert_with_root2tree:
    input: data/faster/New_plastics_2000V_atleast_GADGET_withblackcover_500mbar_0001.fast
    output: data/root/group2tree_v3/New_plastics_2000V_atleast_GADGET_withblackcover_500mbar_0001.root
    jobid: 9
    wildcards: faster_name=New_plastics_2000V_atleast_GADGET_withblackcover_500mbar_0001
    resources: tmpdir=/tmp

[Sun Nov  2 17:16:36 2025]
Finished job 4.
1 of 19 steps (5%) done
Select jobs to execute...

[Sun Nov  2 17:16:36 2025]
rule convert_with_faster2root:
    input: data/faster/New_plastics_2000V_atleastGAD_Empty_0001.fast
    output: data/root/faster2root/New_plastics_2000V_atleastGAD_Empty_0001.root
    jobid: 14
    wildcards: faster_name=New_plastics_2000V_atleastGAD_Empty_0001
    resources: tmpdir=/tmp

[Sun Nov  2 17:16:38 2025]
Finished job 14.
2 of 19 steps (11%) done
Select jobs to execute...

[Sun Nov  2 17:16:38 2025]
rule convert_with_root2tree:
    input: data/faster/New_plastics_2500V_atleast_GADGET_withblackcover_ascension_0001.fast
    output: data/root/group2tree_v3/New_plastics_2500V_atleast_GADGET_withblackcover_ascension_0001.root
    jobid: 8
    wildcards: faster_name=New_plastics_2500V_atleast_GADGET_withblackcover_ascension_0001
    resources: tmpdir=/tmp

[Sun Nov  2 17:16:38 2025]
Finished job 17.
3 of 19 steps (16%) done
Select jobs to execute...

[Sun Nov  2 17:16:38 2025]
rule convert_with_faster2root:
    input: data/faster/Test_GADGET_GorG2orG4orG24_0001.fast
    output: data/root/faster2root/Test_GADGET_GorG2orG4orG24_0001.root
    jobid: 16
    wildcards: faster_name=Test_GADGET_GorG2orG4orG24_0001
    resources: tmpdir=/tmp

[Sun Nov  2 17:16:39 2025]
Finished job 16.
4 of 19 steps (21%) done
Select jobs to execute...

[Sun Nov  2 17:16:39 2025]
rule convert_with_root2tree:
    input: data/faster/Test_GADGET_1.5bar_GorG2orG4orG24_0001.fast
    output: data/root/group2tree_v3/Test_GADGET_1.5bar_GorG2orG4orG24_0001.root
    jobid: 2
    wildcards: faster_name=Test_GADGET_1.5bar_GorG2orG4orG24_0001
    resources: tmpdir=/tmp

[Sun Nov  2 17:16:40 2025]
Finished job 2.
5 of 19 steps (26%) done
Select jobs to execute...

[Sun Nov  2 17:16:40 2025]
rule convert_with_faster2root:
    input: data/faster/Test_GADGET_GorG2orG4orG24_V2_0001.fast
    output: data/root/faster2root/Test_GADGET_GorG2orG4orG24_V2_0001.root
    jobid: 10
    wildcards: faster_name=Test_GADGET_GorG2orG4orG24_V2_0001
    resources: tmpdir=/tmp

[Sun Nov  2 17:16:41 2025]
Finished job 8.
6 of 19 steps (32%) done
Select jobs to execute...

[Sun Nov  2 17:16:41 2025]
rule convert_with_root2tree:
    input: data/faster/New_plastics_atleastGAD_Empty_V2_0001.fast
    output: data/root/group2tree_v3/New_plastics_atleastGAD_Empty_V2_0001.root
    jobid: 6
    wildcards: faster_name=New_plastics_atleastGAD_Empty_V2_0001
    resources: tmpdir=/tmp

[Sun Nov  2 17:16:42 2025]
Finished job 10.
7 of 19 steps (37%) done
Select jobs to execute...

[Sun Nov  2 17:16:42 2025]
rule convert_with_faster2root:
    input: data/faster/New_plastics_2500V_atleast_GADGET_withblackcover_1000mbar_0001.fast
    output: data/root/faster2root/New_plastics_2500V_atleast_GADGET_withblackcover_1000mbar_0001.root
    jobid: 12
    wildcards: faster_name=New_plastics_2500V_atleast_GADGET_withblackcover_1000mbar_0001
    resources: tmpdir=/tmp

[Sun Nov  2 17:16:43 2025]
Finished job 6.
8 of 19 steps (42%) done
Select jobs to execute...

[Sun Nov  2 17:16:43 2025]
rule convert_with_root2tree:
    input: data/faster/Test_GADGET_GorG2orG4orG24_V2_0001.fast
    output: data/root/group2tree_v3/Test_GADGET_GorG2orG4orG24_V2_0001.root
    jobid: 1
    wildcards: faster_name=Test_GADGET_GorG2orG4orG24_V2_0001
    resources: tmpdir=/tmp

[Sun Nov  2 17:16:43 2025]
Finished job 12.
9 of 19 steps (47%) done
Select jobs to execute...

[Sun Nov  2 17:16:43 2025]
rule convert_with_faster2root:
    input: data/faster/Test_GADGET_1bar_GorG2orG4orG24_0001.fast
    output: data/root/faster2root/Test_GADGET_1bar_GorG2orG4orG24_0001.root
    jobid: 13
    wildcards: faster_name=Test_GADGET_1bar_GorG2orG4orG24_0001
    resources: tmpdir=/tmp

[Sun Nov  2 17:16:44 2025]
Finished job 1.
10 of 19 steps (53%) done
Select jobs to execute...

[Sun Nov  2 17:16:44 2025]
rule convert_with_faster2root:
    input: data/faster/New_plastics_atleastGAD_Empty_V2_0001.fast
    output: data/root/faster2root/New_plastics_atleastGAD_Empty_V2_0001.root
    jobid: 15
    wildcards: faster_name=New_plastics_atleastGAD_Empty_V2_0001
    resources: tmpdir=/tmp

[Sun Nov  2 17:16:44 2025]
Finished job 13.
11 of 19 steps (58%) done
Select jobs to execute...

[Sun Nov  2 17:16:44 2025]
rule convert_with_faster2root:
    input: data/faster/Test_GADGET_1.5bar_GorG2orG4orG24_0001.fast
    output: data/root/faster2root/Test_GADGET_1.5bar_GorG2orG4orG24_0001.root
    jobid: 11
    wildcards: faster_name=Test_GADGET_1.5bar_GorG2orG4orG24_0001
    resources: tmpdir=/tmp

[Sun Nov  2 17:16:45 2025]
Finished job 11.
12 of 19 steps (63%) done
Select jobs to execute...

[Sun Nov  2 17:16:45 2025]
rule convert_with_root2tree:
    input: data/faster/New_plastics_2500V_atleast_GADGET_withblackcover_1000mbar_0001.fast
    output: data/root/group2tree_v3/New_plastics_2500V_atleast_GADGET_withblackcover_1000mbar_0001.root
    jobid: 3
    wildcards: faster_name=New_plastics_2500V_atleast_GADGET_withblackcover_1000mbar_0001
    resources: tmpdir=/tmp

[Sun Nov  2 17:16:46 2025]
Finished job 3.
13 of 19 steps (68%) done
Select jobs to execute...

[Sun Nov  2 17:16:46 2025]
rule convert_with_root2tree:
    input: data/faster/New_plastics_2000V_atleastGAD_Empty_0001.fast
    output: data/root/group2tree_v3/New_plastics_2000V_atleastGAD_Empty_0001.root
    jobid: 5
    wildcards: faster_name=New_plastics_2000V_atleastGAD_Empty_0001
    resources: tmpdir=/tmp

[Sun Nov  2 17:16:46 2025]
Finished job 15.
14 of 19 steps (74%) done
Select jobs to execute...

[Sun Nov  2 17:16:46 2025]
rule convert_with_root2tree:
    input: data/faster/Test_GADGET_GorG2orG4orG24_0001.fast
    output: data/root/group2tree_v3/Test_GADGET_GorG2orG4orG24_0001.root
    jobid: 7
    wildcards: faster_name=Test_GADGET_GorG2orG4orG24_0001
    resources: tmpdir=/tmp

[Sun Nov  2 17:16:47 2025]
Finished job 7.
15 of 19 steps (79%) done
[Sun Nov  2 17:16:47 2025]
Finished job 9.
16 of 19 steps (84%) done
[Sun Nov  2 17:16:47 2025]
Finished job 18.
17 of 19 steps (89%) done
[Sun Nov  2 17:16:47 2025]
Finished job 5.
18 of 19 steps (95%) done
Select jobs to execute...

[Sun Nov  2 17:16:47 2025]
localrule all:
    input: data/root/group2tree_v3/Test_GADGET_GorG2orG4orG24_V2_0001.root, data/root/group2tree_v3/Test_GADGET_1.5bar_GorG2orG4orG24_0001.root, data/root/group2tree_v3/New_plastics_2500V_atleast_GADGET_withblackcover_1000mbar_0001.root, data/root/group2tree_v3/Test_GADGET_1bar_GorG2orG4orG24_0001.root, data/root/group2tree_v3/New_plastics_2000V_atleastGAD_Empty_0001.root, data/root/group2tree_v3/New_plastics_atleastGAD_Empty_V2_0001.root, data/root/group2tree_v3/Test_GADGET_GorG2orG4orG24_0001.root, data/root/group2tree_v3/New_plastics_2500V_atleast_GADGET_withblackcover_ascension_0001.root, data/root/group2tree_v3/New_plastics_2000V_atleast_GADGET_withblackcover_500mbar_0001.root, data/root/faster2root/Test_GADGET_GorG2orG4orG24_V2_0001.root, data/root/faster2root/Test_GADGET_1.5bar_GorG2orG4orG24_0001.root, data/root/faster2root/New_plastics_2500V_atleast_GADGET_withblackcover_1000mbar_0001.root, data/root/faster2root/Test_GADGET_1bar_GorG2orG4orG24_0001.root, data/root/faster2root/New_plastics_2000V_atleastGAD_Empty_0001.root, data/root/faster2root/New_plastics_atleastGAD_Empty_V2_0001.root, data/root/faster2root/Test_GADGET_GorG2orG4orG24_0001.root, data/root/faster2root/New_plastics_2500V_atleast_GADGET_withblackcover_ascension_0001.root, data/root/faster2root/New_plastics_2000V_atleast_GADGET_withblackcover_500mbar_0001.root
    jobid: 0
    resources: tmpdir=/tmp

[Sun Nov  2 17:16:47 2025]
Finished job 0.
19 of 19 steps (100%) done
Complete log: /home/vezon/bruit_de_fond/.snakemake/log/2025-11-02T171634.600162.snakemake.log
